[1;34m***NOTE***[m /home/lancelot/Desktop/ink-unit-test/tests/paf1.ink: line 28: Method '[]' of object of type <array> fallthrough to that of type <object>
[1;33m***WARNING***[m /home/lancelot/Desktop/ink-unit-test/tests/error1.ink: line 12: Getting slot 'b' of undefined value
***INK EXCEPTION(strict mode)*** rising from:
    /home/lancelot/Desktop/ink-unit-test/tests/error1.ink: line 18: object@0x143d740 of type 'function' in slot 'error_func', function attr: [
        is native: false
        is inline: false
        is generator: false
        is partial applied: false
        parameter: ()
        interrupt signal trap mask: retn | continue | break
    ]
    /home/lancelot/Desktop/ink-unit-test/tests/error1.ink: line 28: object@0x142c600 of type 'function' in anonymous slot, function attr: [
        is native: false
        is inline: true
        is generator: false
        is partial applied: false
        parameter: ()
        interrupt signal trap mask: 
    ]
    /home/lancelot/Desktop/ink-unit-test/tests/error1.ink: line 28: object@0x1386e60 of type 'function' in slot 'try', function attr: [
        is native: true
        is inline: false
        is generator: false
        is partial applied: false
        parameter: ()
        interrupt signal trap mask: retn | continue | break
    ]
    /home/lancelot/Desktop/ink-unit-test/utils/engine.ink: line 21: object@0x13f23f0 of type 'function' in slot 'enter', function attr: [
        is native: false
        is inline: false
        is generator: false
        is partial applied: false
        parameter: (*out)
        interrupt signal trap mask: retn | continue | break
    ]
    /home/lancelot/Desktop/ink-unit-test/utils/engine.ink: line 42: object@0x1402cb0 of type 'function' in slot 'run', function attr: [
        is native: false
        is inline: false
        is generator: false
        is partial applied: false
        parameter: (*argv...)
        interrupt signal trap mask: retn | continue | break
    ]
    /home/lancelot/Desktop/ink-unit-test/utils/engine.ink: line 43: object@0x1416240 of type 'function' in anonymous slot, function attr: [
        is native: false
        is inline: true
        is generator: false
        is partial applied: false
        parameter: (*val)
        interrupt signal trap mask: 
    ]
    /home/lancelot/Desktop/ink-unit-test/utils/engine.ink: line 55: object@0x141a040 of type 'function' in anonymous slot, function attr: [
        is native: true
        is inline: false
        is generator: false
        is partial applied: false
        parameter: ()
        interrupt signal trap mask: retn | continue | break
    ]
    ./main.ink: line 103: object@0x13d55f0 of type 'function' in slot 'run', function attr: [
        is native: false
        is inline: false
        is generator: false
        is partial applied: false
        parameter: (*tmp_folder_path)
        interrupt signal trap mask: retn | continue | break
    ]
    ./main.ink: line 103: object@0x13de860 of type 'function' in anonymous slot, function attr: [
        is native: false
        is inline: true
        is generator: false
        is partial applied: false
        parameter: ()
        interrupt signal trap mask: 
    ]
    ./main.ink: line 103: object@0x1385aa0 of type 'function' in slot 'if', function attr: [
        is native: true
        is inline: true
        is generator: false
        is partial applied: false
        parameter: ()
        interrupt signal trap mask: 
    ]
    <root engine>: line -1: object@0x137ffc0 of type 'context' in slot '__global_context__'
[1;33m***WARNING***[m /home/lancelot/Desktop/ink-unit-test/tests/bond1.ink: line 28: Unreachable bonding detected, breaking
